Unity Editor version:    2020.3.18f1 (a7d1c678663c)
Branch:                  2020.3/staging
Build type:              Release
Batch mode:              YES
macOS version:           Version 13.2.1 (Build 22D68)
Darwin version:          22.3.0
Architecture:            x86_64
Running under Rosetta:   YES
Available memory:        16384 MB
Using pre-set license
Pro License: NO

COMMAND LINE ARGUMENTS:
/Applications/Unity/Hub/Editor/2020.3.18f1/Unity.app/Contents/MacOS/Unity
-adb2
-batchMode
-noUpm
-name
AssetImportWorker0
-projectPath
/Users/stephenshaw/Desktop/Create with Code/3D Bunny Ball
-logFile
Logs/AssetImportWorker0.log
-srvPort
61291
Successfully changed project path to: /Users/stephenshaw/Desktop/Create with Code/3D Bunny Ball
/Users/stephenshaw/Desktop/Create with Code/3D Bunny Ball
Using Asset Import Pipeline V2.
Refreshing native plugins compatible for Editor in 30.80 ms, found 2 plugins.
Preloading 0 native plugins for Editor in 0.00 ms.
Initialize engine version: 2020.3.18f1 (a7d1c678663c)
[Subsystems] Discovering subsystems at path /Applications/Unity/Hub/Editor/2020.3.18f1/Unity.app/Contents/Resources/UnitySubsystems
[Subsystems] Discovering subsystems at path /Users/stephenshaw/Desktop/Create with Code/3D Bunny Ball/Assets
GfxDevice: creating device client; threaded=0
2023-04-28 09:46:58.443 Unity[73231:3355757] (null) preferred device: Apple M1 Pro (high power)
2023-04-28 09:46:58.443 Unity[73231:3355757] Metal devices available: 1
2023-04-28 09:46:58.443 Unity[73231:3355757] 0: Apple M1 Pro (high power)
2023-04-28 09:46:58.443 Unity[73231:3355757] Using device Apple M1 Pro (high power)
Initializing Metal device caps: Apple M1 Pro
Initialize mono
Mono path[0] = '/Applications/Unity/Hub/Editor/2020.3.18f1/Unity.app/Contents/Managed'
Mono path[1] = '/Applications/Unity/Hub/Editor/2020.3.18f1/Unity.app/Contents/MonoBleedingEdge/lib/mono/unityjit'
Mono config path = '/Applications/Unity/Hub/Editor/2020.3.18f1/Unity.app/Contents/MonoBleedingEdge/etc'
Using monoOptions --debugger-agent=transport=dt_socket,embedding=1,server=y,suspend=n,address=127.0.0.1:56231
Begin MonoManager ReloadAssembly
Registering precompiled unity dll's ...
Register platform support module: /Applications/Unity/Hub/Editor/2020.3.18f1/Unity.app/Contents/PlaybackEngines/MacStandaloneSupport/UnityEditor.OSXStandalone.Extensions.dll
Registered in 0.001252 seconds.
Native extension for OSXStandalone target not found
Refreshing native plugins compatible for Editor in 29.28 ms, found 2 plugins.
Preloading 0 native plugins for Editor in 0.00 ms.
Mono: successfully reloaded assembly
- Completed reload, in  2.578 seconds
Domain Reload Profiling:
	ReloadAssembly (2578ms)
		BeginReloadAssembly (78ms)
			ExecutionOrderSort (0ms)
			DisableScriptedObjects (0ms)
			BackupInstance (0ms)
			ReleaseScriptingObjects (0ms)
			CreateAndSetChildDomain (2ms)
		EndReloadAssembly (999ms)
			LoadAssemblies (77ms)
			RebuildTransferFunctionScriptingTraits (0ms)
			SetupTypeCache (171ms)
			ReleaseScriptCaches (0ms)
			RebuildScriptCaches (35ms)
			SetupLoadedEditorAssemblies (614ms)
				LogAssemblyErrors (0ms)
				InitializePlatformSupportModulesInManaged (11ms)
				SetLoadedEditorAssemblies (1ms)
				RefreshPlugins (29ms)
				BeforeProcessingInitializeOnLoad (87ms)
				ProcessInitializeOnLoadAttributes (365ms)
				ProcessInitializeOnLoadMethodAttributes (120ms)
				AfterProcessingInitializeOnLoad (0ms)
				EditorAssembliesLoaded (1ms)
			ExecutionOrderSort2 (0ms)
			AwakeInstancesAfterBackupRestoration (0ms)
Platform modules already initialized, skipping
Registering precompiled user dll's ...
Registered in 0.002769 seconds.
Begin MonoManager ReloadAssembly
Native extension for OSXStandalone target not found
Refreshing native plugins compatible for Editor in 0.31 ms, found 2 plugins.
Preloading 0 native plugins for Editor in 0.00 ms.
Mono: successfully reloaded assembly
- Completed reload, in  2.170 seconds
Domain Reload Profiling:
	ReloadAssembly (2172ms)
		BeginReloadAssembly (217ms)
			ExecutionOrderSort (0ms)
			DisableScriptedObjects (32ms)
			BackupInstance (0ms)
			ReleaseScriptingObjects (0ms)
			CreateAndSetChildDomain (25ms)
		EndReloadAssembly (1873ms)
			LoadAssemblies (174ms)
			RebuildTransferFunctionScriptingTraits (0ms)
			SetupTypeCache (278ms)
			ReleaseScriptCaches (1ms)
			RebuildScriptCaches (41ms)
			SetupLoadedEditorAssemblies (1141ms)
				LogAssemblyErrors (0ms)
				InitializePlatformSupportModulesInManaged (14ms)
				SetLoadedEditorAssemblies (2ms)
				RefreshPlugins (0ms)
				BeforeProcessingInitializeOnLoad (193ms)
				ProcessInitializeOnLoadAttributes (916ms)
				ProcessInitializeOnLoadMethodAttributes (14ms)
				AfterProcessingInitializeOnLoad (1ms)
				EditorAssembliesLoaded (0ms)
			ExecutionOrderSort2 (0ms)
			AwakeInstancesAfterBackupRestoration (29ms)
Platform modules already initialized, skipping
Validating Project structure ... 0.000998 seconds.
Shader import version has changed; will reimport all shaders...
Upgrading shader files ...0.001328 seconds.
Application.AssetDatabase Initial Script Refresh Start
RefreshInfo: InitialScriptRefreshV2(NoUpdateAssetOptions) scanfilter:  ... 1 filters
RefreshProfiler: Total: 0.000ms
Application.AssetDatabase Initial Script Refresh End
Application.AssetDatabase.Refresh Start
Application.AssetDatabase.Refresh End
RefreshInfo: StopAssetImportingV2(ForceSynchronousImport) scanfilter: 
RefreshProfiler: Total: 0.000ms
Launching external process: /Applications/Unity/Hub/Editor/2020.3.18f1/Unity.app/Contents/Tools/UnityShaderCompiler
Launched and connected shader compiler UnityShaderCompiler after 0.03 seconds
Initializing Unity extensions:
2023-04-28 09:47:04.066 Unity[73231:3355757] NSEventModifierFlagFunction specified to -setKeyEquivalentModifierMask: for item <NSMenuItem: 0x7fb0f8724710 Font Asset, ke='Command-F12'>, but is only supported for system-provided menu items; will not be used
2023-04-28 09:47:04.069 Unity[73231:3355757] NSEventModifierFlagFunction specified to -setKeyEquivalentModifierMask: for item <NSMenuItem: 0x7fb0f83c0720 Font Asset, ke='Command-F12'>, but is only supported for system-provided menu items; will not be used
========================================================================
Worker process is ready to serve import requests
Refreshing native plugins compatible for Editor in 0.25 ms, found 2 plugins.
Preloading 0 native plugins for Editor in 0.00 ms.
Unloading 1403 Unused Serialized files (Serialized files now loaded: 0)
System memory in use before: 105.2 MB.
System memory in use after: 104.5 MB.

Unloading 83 unused Assets to reduce memory usage. Loaded Objects now: 1877.
Total: 2.461583 ms (FindLiveObjects: 0.103458 ms CreateObjectMapping: 0.028125 ms MarkObjects: 1.925417 ms  DeleteObjects: 0.403542 ms)

AssetImportParameters requested are different than current active one (requested -> active):
  custom:video-decoder-ogg-theora: a1e56fd34408186e4bbccfd4996cb3dc -> 
  custom:container-muxer-webm: aa71ff27fc2769a1b78a27578f13a17b -> 
  custom:container-demuxer-webm: 4f35f7cbe854078d1ac9338744f61a02 -> 
  custom:container-demuxer-ogg: 62fdf1f143b41e24485cea50d1cbac27 -> 
  custom:video-encoder-webm-vp8: eb34c28f22e8b96e1ab97ce403110664 -> 
  custom:framework-osx-AVFoundation: e770b220cccbd017edd2c1fefb359320 -> 
  custom:video-decoder-webm-vp8: 9c59270c3fd7afecdb556c50c9e8de78 -> 
  custom:audio-decoder-ogg-vorbis: bf7c407c2cedff20999df2af8eb42d56 -> 
  custom:audio-encoder-webm-vorbis: bf7c407c2cedff20999df2af8eb42d56 -> 
========================================================================
Received Import Request.
  path: Assets/BunnyBall/Art/3D/Land.fbx
  artifactKey: Guid(102d2331bbbdb444188d4102b0a645e6) Importer(815301076,1909f56bfc062723c751e8b465ee728b)
Start importing Assets/BunnyBall/Art/3D/Land.fbx using Guid(102d2331bbbdb444188d4102b0a645e6) Importer(815301076,1909f56bfc062723c751e8b465ee728b)  -> (artifact id: 'edd79742d514b3cc547f8d66f76b5db4') in 0.442375 seconds 
  Import took 0.445081 seconds .

========================================================================
Received Import Request.
  Time since last request: 0.003667 seconds.
  path: Assets/BunnyBall/Art/3D/BrickWall.fbx
  artifactKey: Guid(ceb2da491c530414aa62558a7d0fe714) Importer(815301076,1909f56bfc062723c751e8b465ee728b)
Start importing Assets/BunnyBall/Art/3D/BrickWall.fbx using Guid(ceb2da491c530414aa62558a7d0fe714) Importer(815301076,1909f56bfc062723c751e8b465ee728b)  -> (artifact id: 'ffd4f9fe72a6fb2a3142df150aa91a9b') in 0.038042 seconds 
  Import took 0.040214 seconds .

========================================================================
Received Import Request.
  Time since last request: 0.000434 seconds.
  path: Assets/BunnyBall/Art/3D/Fence.fbx
  artifactKey: Guid(3fc0cc681ebf58340985f4579594c1c0) Importer(815301076,1909f56bfc062723c751e8b465ee728b)
Start importing Assets/BunnyBall/Art/3D/Fence.fbx using Guid(3fc0cc681ebf58340985f4579594c1c0) Importer(815301076,1909f56bfc062723c751e8b465ee728b)  -> (artifact id: '61588f2f10d219c3d86334e9be3771a2') in 0.020073 seconds 
  Import took 0.022324 seconds .

========================================================================
Received Import Request.
  Time since last request: 0.000320 seconds.
  path: Assets/BunnyBall/Art/3D/Key.fbx
  artifactKey: Guid(27d4189548aa2b64092c0b398634eb18) Importer(815301076,1909f56bfc062723c751e8b465ee728b)
Start importing Assets/BunnyBall/Art/3D/Key.fbx using Guid(27d4189548aa2b64092c0b398634eb18) Importer(815301076,1909f56bfc062723c751e8b465ee728b)  -> (artifact id: 'ea5af114c916ef013f7e8e668b984254') in 0.021259 seconds 
  Import took 0.023970 seconds .

========================================================================
Received Import Request.
  Time since last request: 0.000308 seconds.
  path: Assets/BunnyBall/Art/3D/Character.fbx
  artifactKey: Guid(5a3029992dd890d4ba2e3685248d11c0) Importer(815301076,1909f56bfc062723c751e8b465ee728b)
Start importing Assets/BunnyBall/Art/3D/Character.fbx using Guid(5a3029992dd890d4ba2e3685248d11c0) Importer(815301076,1909f56bfc062723c751e8b465ee728b)  -> (artifact id: 'f8678542cdfb725bffa712d583618bc6') in 0.038714 seconds 
  Import took 0.040867 seconds .

========================================================================
Received Import Request.
  Time since last request: 0.000381 seconds.
  path: Assets/BunnyBall/Art/3D/Key.fbx
  artifactKey: Guid(27d4189548aa2b64092c0b398634eb18) Importer(815301076,1909f56bfc062723c751e8b465ee728b)
Start importing Assets/BunnyBall/Art/3D/Key.fbx using Guid(27d4189548aa2b64092c0b398634eb18) Importer(815301076,1909f56bfc062723c751e8b465ee728b)  -> (artifact id: 'ea5af114c916ef013f7e8e668b984254') in 0.017780 seconds 
  Import took 0.019931 seconds .

========================================================================
Received Import Request.
  Time since last request: 0.000344 seconds.
  path: Assets/BunnyBall/Art/3D/Rocks.fbx
  artifactKey: Guid(77ab059ecff0d6644a3c0f6e5f3df6be) Importer(815301076,1909f56bfc062723c751e8b465ee728b)
Start importing Assets/BunnyBall/Art/3D/Rocks.fbx using Guid(77ab059ecff0d6644a3c0f6e5f3df6be) Importer(815301076,1909f56bfc062723c751e8b465ee728b)  -> (artifact id: 'd20d391ffdc7f71c7376c3ae8cb55041') in 0.016529 seconds 
  Import took 0.018442 seconds .

========================================================================
Received Import Request.
  Time since last request: 72.745228 seconds.
  path: Assets/BunnyBall/Scripts
  artifactKey: Guid(ca7e6d85b9a84b74d9a493d0cb4295e3) Importer(815301076,1909f56bfc062723c751e8b465ee728b)
Start importing Assets/BunnyBall/Scripts using Guid(ca7e6d85b9a84b74d9a493d0cb4295e3) Importer(815301076,1909f56bfc062723c751e8b465ee728b)  -> (artifact id: '527f317032da6954164fbfac0a1f9e5f') in 0.001079 seconds 
  Import took 0.003340 seconds .

========================================================================
Received Prepare
Registering precompiled user dll's ...
Registered in 0.003250 seconds.
Begin MonoManager ReloadAssembly
Native extension for OSXStandalone target not found
Refreshing native plugins compatible for Editor in 0.34 ms, found 2 plugins.
Preloading 0 native plugins for Editor in 0.00 ms.
2023-04-28 09:50:04.714 Unity[73231:3355757] NSEventModifierFlagFunction specified to -setKeyEquivalentModifierMask: for item <NSMenuItem: 0x7fb1082577d0 Font Asset, ke='Command-F12'>, but is only supported for system-provided menu items; will not be used
Mono: successfully reloaded assembly
- Completed reload, in  2.296 seconds
Domain Reload Profiling:
	ReloadAssembly (2297ms)
		BeginReloadAssembly (214ms)
			ExecutionOrderSort (0ms)
			DisableScriptedObjects (31ms)
			BackupInstance (0ms)
			ReleaseScriptingObjects (0ms)
			CreateAndSetChildDomain (78ms)
		EndReloadAssembly (1992ms)
			LoadAssemblies (188ms)
			RebuildTransferFunctionScriptingTraits (0ms)
			SetupTypeCache (288ms)
			ReleaseScriptCaches (1ms)
			RebuildScriptCaches (40ms)
			SetupLoadedEditorAssemblies (1209ms)
				LogAssemblyErrors (0ms)
				InitializePlatformSupportModulesInManaged (14ms)
				SetLoadedEditorAssemblies (1ms)
				RefreshPlugins (0ms)
				BeforeProcessingInitializeOnLoad (237ms)
				ProcessInitializeOnLoadAttributes (940ms)
				ProcessInitializeOnLoadMethodAttributes (15ms)
				AfterProcessingInitializeOnLoad (1ms)
				EditorAssembliesLoaded (0ms)
			ExecutionOrderSort2 (0ms)
			AwakeInstancesAfterBackupRestoration (38ms)
Platform modules already initialized, skipping
Refreshing native plugins compatible for Editor in 0.29 ms, found 2 plugins.
Preloading 0 native plugins for Editor in 0.00 ms.
Unloading 1396 Unused Serialized files (Serialized files now loaded: 0)
System memory in use before: 185.4 MB.
System memory in use after: 185.6 MB.

Unloading 12 unused Assets to reduce memory usage. Loaded Objects now: 1922.
Total: 2.190709 ms (FindLiveObjects: 0.149041 ms CreateObjectMapping: 0.028542 ms MarkObjects: 1.989542 ms  DeleteObjects: 0.022334 ms)

AssetImportParameters requested are different than current active one (requested -> active):
  custom:video-decoder-ogg-theora: a1e56fd34408186e4bbccfd4996cb3dc -> 
  custom:container-muxer-webm: aa71ff27fc2769a1b78a27578f13a17b -> 
  custom:container-demuxer-webm: 4f35f7cbe854078d1ac9338744f61a02 -> 
  custom:container-demuxer-ogg: 62fdf1f143b41e24485cea50d1cbac27 -> 
  custom:video-encoder-webm-vp8: eb34c28f22e8b96e1ab97ce403110664 -> 
  custom:framework-osx-AVFoundation: e770b220cccbd017edd2c1fefb359320 -> 
  custom:video-decoder-webm-vp8: 9c59270c3fd7afecdb556c50c9e8de78 -> 
  custom:audio-decoder-ogg-vorbis: bf7c407c2cedff20999df2af8eb42d56 -> 
  custom:audio-encoder-webm-vorbis: bf7c407c2cedff20999df2af8eb42d56 -> 
========================================================================
Received Import Request.
  Time since last request: 110.467074 seconds.
  path: Assets/BunnyBall/Prefabs
  artifactKey: Guid(1f4868197a83c59408c30d729b4b5a7e) Importer(815301076,1909f56bfc062723c751e8b465ee728b)
Start importing Assets/BunnyBall/Prefabs using Guid(1f4868197a83c59408c30d729b4b5a7e) Importer(815301076,1909f56bfc062723c751e8b465ee728b)  -> (artifact id: '661977db3db4a9447f11ebb252f3c3e7') in 0.006473 seconds 
  Import took 0.009353 seconds .

========================================================================
Received Import Request.
  Time since last request: 0.035753 seconds.
  path: Assets/BunnyBall/Prefabs/Fence.prefab
  artifactKey: Guid(1dd4fb16cec71e544bf5f7a31072201c) Importer(815301076,1909f56bfc062723c751e8b465ee728b)
Start importing Assets/BunnyBall/Prefabs/Fence.prefab using Guid(1dd4fb16cec71e544bf5f7a31072201c) Importer(815301076,1909f56bfc062723c751e8b465ee728b)  -> (artifact id: 'c3b91a1ed6c1639d9f55e78514e4ee81') in 0.192357 seconds 
  Import took 0.194700 seconds .

========================================================================
Received Import Request.
  Time since last request: 0.002517 seconds.
  path: Assets/BunnyBall/Prefabs/Shockwave.prefab
  artifactKey: Guid(4f2b448ece6bb4940be1ce4a87b8e110) Importer(815301076,1909f56bfc062723c751e8b465ee728b)
Start importing Assets/BunnyBall/Prefabs/Shockwave.prefab using Guid(4f2b448ece6bb4940be1ce4a87b8e110) Importer(815301076,1909f56bfc062723c751e8b465ee728b)  -> (artifact id: 'aff671628b1fd32471fc912bdbcbd6b0') in 0.143132 seconds 
  Import took 0.145232 seconds .

========================================================================
Received Import Request.
  Time since last request: 0.000277 seconds.
  path: Assets/BunnyBall/Prefabs/Grass.prefab
  artifactKey: Guid(ff809012324d5ce4db798c23137b771c) Importer(815301076,1909f56bfc062723c751e8b465ee728b)
Start importing Assets/BunnyBall/Prefabs/Grass.prefab using Guid(ff809012324d5ce4db798c23137b771c) Importer(815301076,1909f56bfc062723c751e8b465ee728b)  -> (artifact id: 'f54f394e98685c24d968c13e4bb9880c') in 0.010893 seconds 
  Import took 0.012974 seconds .

========================================================================
Received Import Request.
  Time since last request: 0.000346 seconds.
  path: Assets/BunnyBall/Prefabs/Player.prefab
  artifactKey: Guid(f757b320558b7984c96b025d56b0fd51) Importer(815301076,1909f56bfc062723c751e8b465ee728b)
Start importing Assets/BunnyBall/Prefabs/Player.prefab using Guid(f757b320558b7984c96b025d56b0fd51) Importer(815301076,1909f56bfc062723c751e8b465ee728b)  -> (artifact id: 'dcefcc99f2ddd231a43c0abaf8d0830c') in 0.025199 seconds 
  Import took 0.027269 seconds .

========================================================================
Received Import Request.
  Time since last request: 0.000307 seconds.
  path: Assets/BunnyBall/Prefabs/Key.prefab
  artifactKey: Guid(e6204ab31da16b5468b048819a83c0a5) Importer(815301076,1909f56bfc062723c751e8b465ee728b)
Start importing Assets/BunnyBall/Prefabs/Key.prefab using Guid(e6204ab31da16b5468b048819a83c0a5) Importer(815301076,1909f56bfc062723c751e8b465ee728b)  -> (artifact id: 'd934b3ad96694cf177584155841a2e87') in 0.152957 seconds 
  Import took 0.154853 seconds .

========================================================================
Received Import Request.
  Time since last request: 208.985645 seconds.
  path: Assets/BunnyBall/Prefabs/BrickWall.prefab
  artifactKey: Guid(7071aaa78a5fd44599e1fcccc44a0245) Importer(815301076,1909f56bfc062723c751e8b465ee728b)
Start importing Assets/BunnyBall/Prefabs/BrickWall.prefab using Guid(7071aaa78a5fd44599e1fcccc44a0245) Importer(815301076,1909f56bfc062723c751e8b465ee728b)  -> (artifact id: 'e1161a5fb31da825c6aba0a762be3c4c') in 0.010224 seconds 
  Import took 0.012563 seconds .

========================================================================
Received Import Request.
  Time since last request: 0.003044 seconds.
  path: Assets/BunnyBall/Prefabs/BrickWall.prefab
  artifactKey: Guid(7071aaa78a5fd44599e1fcccc44a0245) Importer(815301076,1909f56bfc062723c751e8b465ee728b)
Start importing Assets/BunnyBall/Prefabs/BrickWall.prefab using Guid(7071aaa78a5fd44599e1fcccc44a0245) Importer(815301076,1909f56bfc062723c751e8b465ee728b)  -> (artifact id: 'e1161a5fb31da825c6aba0a762be3c4c') in 0.007321 seconds 
  Import took 0.009156 seconds .

========================================================================
Received Prepare
Registering precompiled user dll's ...
Registered in 0.001655 seconds.
Begin MonoManager ReloadAssembly
Native extension for OSXStandalone target not found
Refreshing native plugins compatible for Editor in 0.28 ms, found 2 plugins.
Preloading 0 native plugins for Editor in 0.00 ms.
2023-04-28 09:58:18.761 Unity[73231:3355757] NSEventModifierFlagFunction specified to -setKeyEquivalentModifierMask: for item <NSMenuItem: 0x7fb0f86acfa0 Font Asset, ke='Command-F12'>, but is only supported for system-provided menu items; will not be used
Mono: successfully reloaded assembly
- Completed reload, in  2.314 seconds
Domain Reload Profiling:
	ReloadAssembly (2316ms)
		BeginReloadAssembly (223ms)
			ExecutionOrderSort (0ms)
			DisableScriptedObjects (33ms)
			BackupInstance (0ms)
			ReleaseScriptingObjects (0ms)
			CreateAndSetChildDomain (87ms)
		EndReloadAssembly (2005ms)
			LoadAssemblies (185ms)
			RebuildTransferFunctionScriptingTraits (0ms)
			SetupTypeCache (284ms)
			ReleaseScriptCaches (1ms)
			RebuildScriptCaches (40ms)
			SetupLoadedEditorAssemblies (1225ms)
				LogAssemblyErrors (0ms)
				InitializePlatformSupportModulesInManaged (16ms)
				SetLoadedEditorAssemblies (1ms)
				RefreshPlugins (0ms)
				BeforeProcessingInitializeOnLoad (244ms)
				ProcessInitializeOnLoadAttributes (946ms)
				ProcessInitializeOnLoadMethodAttributes (15ms)
				AfterProcessingInitializeOnLoad (1ms)
				EditorAssembliesLoaded (0ms)
			ExecutionOrderSort2 (0ms)
			AwakeInstancesAfterBackupRestoration (38ms)
Platform modules already initialized, skipping
Refreshing native plugins compatible for Editor in 0.31 ms, found 2 plugins.
Preloading 0 native plugins for Editor in 0.00 ms.
Unloading 1396 Unused Serialized files (Serialized files now loaded: 0)
System memory in use before: 267.6 MB.
System memory in use after: 267.8 MB.

Unloading 11 unused Assets to reduce memory usage. Loaded Objects now: 1927.
Total: 2.178708 ms (FindLiveObjects: 0.140250 ms CreateObjectMapping: 0.028792 ms MarkObjects: 1.987459 ms  DeleteObjects: 0.021083 ms)

AssetImportParameters requested are different than current active one (requested -> active):
  custom:video-decoder-ogg-theora: a1e56fd34408186e4bbccfd4996cb3dc -> 
  custom:container-muxer-webm: aa71ff27fc2769a1b78a27578f13a17b -> 
  custom:container-demuxer-webm: 4f35f7cbe854078d1ac9338744f61a02 -> 
  custom:container-demuxer-ogg: 62fdf1f143b41e24485cea50d1cbac27 -> 
  custom:video-encoder-webm-vp8: eb34c28f22e8b96e1ab97ce403110664 -> 
  custom:framework-osx-AVFoundation: e770b220cccbd017edd2c1fefb359320 -> 
  custom:video-decoder-webm-vp8: 9c59270c3fd7afecdb556c50c9e8de78 -> 
  custom:audio-decoder-ogg-vorbis: bf7c407c2cedff20999df2af8eb42d56 -> 
  custom:audio-encoder-webm-vorbis: bf7c407c2cedff20999df2af8eb42d56 -> 
